<?xml version="1.0" encoding="UTF-8"?>
<testng-results ignored="0" total="1" passed="1" failed="0" skipped="0">
  <reporter-output>
  </reporter-output>
  <suite started-at="2020-07-21T23:51:21 IST" name="Surefire suite" finished-at="2020-07-21T23:51:21 IST" duration-ms="32">
    <groups>
    </groups>
    <test started-at="2020-07-21T23:51:21 IST" name="Surefire test" finished-at="2020-07-21T23:51:21 IST" duration-ms="32">
      <class name="qaclickacademy.Maven.AppTest">
        <test-method signature="shouldAnswerWithTrue()" started-at="2020-07-21T23:51:21 IST" name="shouldAnswerWithTrue" finished-at="2020-07-21T23:51:21 IST" duration-ms="5" status="PASS">
          <reporter-output>
          </reporter-output>
        </test-method> <!-- shouldAnswerWithTrue -->
      </class> <!-- qaclickacademy.Maven.AppTest -->
    </test> <!-- Surefire test -->
  </suite> <!-- Surefire suite -->
</testng-results>
