<?xml version="1.0" encoding="UTF-8"?>
<testng-results ignored="0" total="1" passed="1" failed="0" skipped="0">
  <reporter-output>
  </reporter-output>
  <suite started-at="2020-07-21T23:51:21 IST" name="Surefire suite" finished-at="2020-07-21T23:51:21 IST" duration-ms="26">
    <groups>
    </groups>
    <test started-at="2020-07-21T23:51:21 IST" name="Surefire test" finished-at="2020-07-21T23:51:21 IST" duration-ms="26">
      <class name="TestNG.NewTest">
        <test-method signature="f()[pri:0, instance:TestNG.NewTest@166fa74d]" started-at="2020-07-21T23:51:21 IST" name="f" finished-at="2020-07-21T23:51:21 IST" duration-ms="2" status="PASS">
          <reporter-output>
          </reporter-output>
        </test-method> <!-- f -->
      </class> <!-- TestNG.NewTest -->
    </test> <!-- Surefire test -->
  </suite> <!-- Surefire suite -->
</testng-results>
