<?xml version="1.0" encoding="UTF-8"?>
<testng-results ignored="0" total="2" passed="2" failed="0" skipped="0">
  <reporter-output>
  </reporter-output>
  <suite started-at="2020-07-21T11:00:03Z" name="Default suite" finished-at="2020-07-21T11:00:03Z" duration-ms="27">
    <groups>
    </groups>
    <test started-at="2020-07-21T11:00:03Z" name="Default test" finished-at="2020-07-21T11:00:03Z" duration-ms="27">
      <class name="qaclickacademy.Maven.RestAPITest">
        <test-method signature="deletetwitter()[pri:0, instance:qaclickacademy.Maven.RestAPITest@6f3b5d16]" started-at="2020-07-21T11:00:03Z" name="deletetwitter" finished-at="2020-07-21T11:00:03Z" duration-ms="8" status="PASS">
          <reporter-output>
          </reporter-output>
        </test-method> <!-- deletetwitter -->
        <test-method signature="postjira()[pri:0, instance:qaclickacademy.Maven.RestAPITest@6f3b5d16]" started-at="2020-07-21T11:00:03Z" name="postjira" finished-at="2020-07-21T11:00:03Z" duration-ms="2" status="PASS">
          <reporter-output>
          </reporter-output>
        </test-method> <!-- postjira -->
      </class> <!-- qaclickacademy.Maven.RestAPITest -->
    </test> <!-- Default test -->
  </suite> <!-- Default suite -->
</testng-results>
